Logfile initialized
[INFO] logfile = /Users/Au/Documents/dateDev/KitchenSink/build.log
[DEBUG] /Library/Application Support/Titanium/mobilesdk/osx/1.9.0.v20111228180134/android/builder.py install KitchenSink /AndroidSDK /Users/Au/Documents/dateDev/KitchenSink com.appcelerator.titanium 8
[INFO] plugin=/Library/Application Support/Titanium/plugins/ti.log/0.1/plugin.py
[INFO] Detected compiler plugin: ti.log/0.1
[INFO] Titanium SDK version: 1.9.0 (12/28/11 18:01 941e3ed)
[DEBUG] Waiting for device to be ready ...
[TRACE] adb devices returned 1 devices/emulators
[DEBUG] Device connected... (waited 0 seconds)
[DEBUG] waited 0.059565 seconds on emulator to get ready
[DEBUG] com.appcelerator.titanium installed? True
[INFO] Copying project resources..
[TRACE] COPYING MODIFIED FILE: /Users/Au/Documents/dateDev/KitchenSink/Resources/examples/version.js => /Users/Au/Documents/dateDev/KitchenSink/build/android/bin/assets/Resources/examples/version.js
[TRACE] Generating Java Classes
[DEBUG] Processing Android resource drawables
[TRACE] COPYING FILE: /Users/Au/Documents/dateDev/KitchenSink/Resources/android/images/medium/appc_small.png => /Users/Au/Documents/dateDev/KitchenSink/build/android/res/drawable-mdpi/appc_small_5dcee80c58.png
[TRACE] COPYING FILE: /Users/Au/Documents/dateDev/KitchenSink/Resources/android/images/medium/cloud2.png => /Users/Au/Documents/dateDev/KitchenSink/build/android/res/drawable-mdpi/cloud2_a62a083799.png
[TRACE] COPYING FILE: /Users/Au/Documents/dateDev/KitchenSink/Resources/android/images/res-long-mdpi/cloud3.png => /Users/Au/Documents/dateDev/KitchenSink/build/android/res/drawable-long-mdpi/cloud3_4d0e39c95b.png
[TRACE] COPYING FILE: /Users/Au/Documents/dateDev/KitchenSink/Resources/android/images/res-notlong-mdpi/cloud3.png => /Users/Au/Documents/dateDev/KitchenSink/build/android/res/drawable-notlong-mdpi/cloud3_4d0e39c95b.png
[DEBUG] found special platform files dir = /Users/Au/Documents/dateDev/KitchenSink/platform/android
[INFO] Copying platform-specific files ...
[DEBUG] copying app icon: /Users/Au/Documents/dateDev/KitchenSink/build/android/bin/assets/Resources/appicon.png
[DEBUG] generating theme.xml
[DEBUG] found splash screen at /Users/Au/Documents/dateDev/KitchenSink/build/android/bin/assets/Resources/default.png
[TRACE] Writing out AndroidManifest.xml
[DEBUG] adding /Users/Au/Documents/dateDev/KitchenSink/build/android/gen/com/appcelerator/titanium/KitchensinkActivity.java to javac build list
[DEBUG] adding /Users/Au/Documents/dateDev/KitchenSink/build/android/gen/com/appcelerator/titanium/KitchensinkAppInfo.java to javac build list
[DEBUG] adding /Users/Au/Documents/dateDev/KitchenSink/build/android/gen/com/appcelerator/titanium/KitchensinkApplication.java to javac build list
[DEBUG] adding /Users/Au/Documents/dateDev/KitchenSink/build/android/gen/com/appcelerator/titanium/R.java to javac build list
[DEBUG] adding /Users/Au/Documents/dateDev/KitchenSink/build/android/gen/com/appcelerator/titanium/TestserviceService.java to javac build list
[DEBUG] Building Java Sources: "/Users/Au/Documents/dateDev/KitchenSink/build/android/gen/com/appcelerator/titanium/KitchensinkActivity.java" "/Users/Au/Documents/dateDev/KitchenSink/build/android/gen/com/appcelerator/titanium/KitchensinkAppInfo.java" "/Users/Au/Documents/dateDev/KitchenSink/build/android/gen/com/appcelerator/titanium/KitchensinkApplication.java" "/Users/Au/Documents/dateDev/KitchenSink/build/android/gen/com/appcelerator/titanium/R.java" "/Users/Au/Documents/dateDev/KitchenSink/build/android/gen/com/appcelerator/titanium/TestserviceService.java"
[INFO] Compiling Android Resources... This could take some time
[DEBUG] Android classes.dex built
[DEBUG] creating unsigned apk: /Users/Au/Documents/dateDev/KitchenSink/build/android/bin/app-unsigned.apk
[DEBUG] from resource zip => assets/Resources/examples/2d_transform.js
[DEBUG] from resource zip => assets/Resources/examples/3d_transform.js
[DEBUG] from resource zip => assets/Resources/examples/accelerometer.js
[DEBUG] from resource zip => assets/Resources/examples/activity_indicator.js
[DEBUG] from resource zip => assets/Resources/examples/add_show_views.js
[DEBUG] from resource zip => assets/Resources/examples/alert.js
[DEBUG] from resource zip => assets/Resources/examples/anchor_point.js
[DEBUG] from resource zip => assets/Resources/examples/android_hide_softkeyboard.js
[DEBUG] from resource zip => assets/Resources/examples/android_menu_1.js
[DEBUG] from resource zip => assets/Resources/examples/android_menu_2.js
[DEBUG] from resource zip => assets/Resources/examples/android_menu_3.js
[DEBUG] from resource zip => assets/Resources/examples/android_menus.js
[DEBUG] from resource zip => assets/Resources/examples/android_services.js
[DEBUG] from resource zip => assets/Resources/examples/android_window_soft_input_mode.js
[DEBUG] from resource zip => assets/Resources/examples/animation.js
[DEBUG] from resource zip => assets/Resources/examples/animation_points.js
[DEBUG] from resource zip => assets/Resources/examples/app_badge.js
[DEBUG] from resource zip => assets/Resources/examples/app_data.js
[DEBUG] from resource zip => assets/Resources/examples/app_events.js
[DEBUG] from resource zip => assets/Resources/examples/basic_animation.js
[DEBUG] from resource zip => assets/Resources/examples/bonjour.js
[DEBUG] from resource zip => assets/Resources/examples/button.js
[DEBUG] from resource zip => assets/Resources/examples/button_state.js
[DEBUG] from resource zip => assets/Resources/examples/buttonbar.js
[DEBUG] from resource zip => assets/Resources/examples/camera.js
[DEBUG] from resource zip => assets/Resources/examples/camera_ar.js
[DEBUG] from resource zip => assets/Resources/examples/camera_basic.js
[DEBUG] from resource zip => assets/Resources/examples/camera_file.js
[DEBUG] from resource zip => assets/Resources/examples/camera_gallery.js
[DEBUG] from resource zip => assets/Resources/examples/camera_overlay.js
[DEBUG] from resource zip => assets/Resources/examples/camera_overlay_webview.js
[DEBUG] from resource zip => assets/Resources/examples/camera_video.js
[DEBUG] from resource zip => assets/Resources/examples/clipboard.js
[DEBUG] from resource zip => assets/Resources/examples/commonjs.js
[DEBUG] from resource zip => assets/Resources/examples/contacts.js
[DEBUG] from resource zip => assets/Resources/examples/contacts_add.js
[DEBUG] from resource zip => assets/Resources/examples/contacts_db.js
[DEBUG] from resource zip => assets/Resources/examples/contacts_groups.js
[DEBUG] from resource zip => assets/Resources/examples/contacts_image.js
[DEBUG] from resource zip => assets/Resources/examples/contacts_picker.js
[DEBUG] from resource zip => assets/Resources/examples/contacts_remove.js
[DEBUG] from resource zip => assets/Resources/examples/contacts_searchById.js
[DEBUG] from resource zip => assets/Resources/examples/control_animation.js
[DEBUG] from resource zip => assets/Resources/examples/coverflow.js
[DEBUG] from resource zip => assets/Resources/examples/coverflow_remote.js
[DEBUG] from resource zip => assets/Resources/examples/coverflow_replace.js
[DEBUG] from resource zip => assets/Resources/examples/coverflow_view.js
[DEBUG] from resource zip => assets/Resources/examples/custom_events.js
[DEBUG] from resource zip => assets/Resources/examples/custom_fonts.js
[DEBUG] from resource zip => assets/Resources/examples/custom_properties.js
[DEBUG] from resource zip => assets/Resources/examples/custom_properties_2.js
[DEBUG] from resource zip => assets/Resources/examples/dashboard.js
[DEBUG] from resource zip => assets/Resources/examples/database.js
[DEBUG] from resource zip => assets/Resources/examples/database_2.js
[DEBUG] from resource zip => assets/Resources/examples/database_3.js
[DEBUG] from resource zip => assets/Resources/examples/email_dialog.js
[DEBUG] from resource zip => assets/Resources/examples/facebook.js
[DEBUG] from resource zip => assets/Resources/examples/facebook_login_logout.js
[DEBUG] from resource zip => assets/Resources/examples/facebook_photos.js
[DEBUG] from resource zip => assets/Resources/examples/facebook_properties.js
[DEBUG] from resource zip => assets/Resources/examples/facebook_publish_stream.js
[DEBUG] from resource zip => assets/Resources/examples/facebook_query.js
[DEBUG] from resource zip => assets/Resources/examples/filesystem.js
[DEBUG] from resource zip => assets/Resources/examples/foursquare.js
[DEBUG] from resource zip => assets/Resources/examples/geolocation.js
[DEBUG] from resource zip => assets/Resources/examples/gradient.js
[DEBUG] from resource zip => assets/Resources/examples/hi_res_image.js
[DEBUG] from resource zip => assets/Resources/examples/hi_res_image2.js
[DEBUG] from resource zip => assets/Resources/examples/hi_res_image_remote.js
[DEBUG] from resource zip => assets/Resources/examples/horizontal_layout.js
[DEBUG] from resource zip => assets/Resources/examples/html5video.html
[DEBUG] from resource zip => assets/Resources/examples/image_mask.js
[DEBUG] from resource zip => assets/Resources/examples/image_scaling.js
[DEBUG] from resource zip => assets/Resources/examples/image_view_animated.js
[DEBUG] from resource zip => assets/Resources/examples/image_view_basic.js
[DEBUG] from resource zip => assets/Resources/examples/image_view_blob.js
[DEBUG] from resource zip => assets/Resources/examples/image_view_encoding.js
[DEBUG] from resource zip => assets/Resources/examples/image_view_file.js
[DEBUG] from resource zip => assets/Resources/examples/image_view_positioning.js
[DEBUG] from resource zip => assets/Resources/examples/image_view_remote.js
[DEBUG] from resource zip => assets/Resources/examples/image_view_resource.js
[DEBUG] from resource zip => assets/Resources/examples/image_view_scaling.js
[DEBUG] from resource zip => assets/Resources/examples/image_view_toolbar.js
[DEBUG] from resource zip => assets/Resources/examples/image_view_updateimages.js
[DEBUG] from resource zip => assets/Resources/examples/image_views.js
[DEBUG] from resource zip => assets/Resources/examples/ios_sockets.js
[DEBUG] from resource zip => assets/Resources/examples/js_include.js
[DEBUG] from resource zip => assets/Resources/examples/json.js
[DEBUG] from resource zip => assets/Resources/examples/label.js
[DEBUG] from resource zip => assets/Resources/examples/label_basic.js
[DEBUG] from resource zip => assets/Resources/examples/label_linkify.js
[DEBUG] from resource zip => assets/Resources/examples/local_include.js
[DEBUG] from resource zip => assets/Resources/examples/local_webview.html
[DEBUG] from resource zip => assets/Resources/examples/local_webview_pinchzoom.html
[DEBUG] from resource zip => assets/Resources/examples/logging.js
[DEBUG] from resource zip => assets/Resources/examples/map_view.js
[DEBUG] from resource zip => assets/Resources/examples/map_view2.js
[DEBUG] from resource zip => assets/Resources/examples/mixing_views.js
[DEBUG] from resource zip => assets/Resources/examples/mixing_views_1.js
[DEBUG] from resource zip => assets/Resources/examples/modal_windows.js
[DEBUG] from resource zip => assets/Resources/examples/movie.js
[DEBUG] from resource zip => assets/Resources/examples/movie_embed.js
[DEBUG] from resource zip => assets/Resources/examples/movie_local.js
[DEBUG] from resource zip => assets/Resources/examples/movie_remote.js
[DEBUG] from resource zip => assets/Resources/examples/movie_remote2.js
[DEBUG] from resource zip => assets/Resources/examples/music.js
[DEBUG] from resource zip => assets/Resources/examples/music_picker.js
[DEBUG] from resource zip => assets/Resources/examples/music_query.js
[DEBUG] from resource zip => assets/Resources/examples/navgroup.js
[DEBUG] from resource zip => assets/Resources/examples/network.js
[DEBUG] from resource zip => assets/Resources/examples/notification.js
[DEBUG] from resource zip => assets/Resources/examples/options_dialog.js
[DEBUG] from resource zip => assets/Resources/examples/orientation.js
[DEBUG] from resource zip => assets/Resources/examples/photo_gallery.js
[DEBUG] from resource zip => assets/Resources/examples/photo_gallery_bgimage.js
[DEBUG] from resource zip => assets/Resources/examples/photo_gallery_camera.js
[DEBUG] from resource zip => assets/Resources/examples/photo_gallery_file.js
[DEBUG] from resource zip => assets/Resources/examples/photo_gallery_save.js
[DEBUG] from resource zip => assets/Resources/examples/photo_gallery_video.js
[DEBUG] from resource zip => assets/Resources/examples/photo_gallery_xhr.js
[DEBUG] from resource zip => assets/Resources/examples/picker.js
[DEBUG] from resource zip => assets/Resources/examples/picker_android_spinner_date.js
[DEBUG] from resource zip => assets/Resources/examples/picker_android_spinner_text.js
[DEBUG] from resource zip => assets/Resources/examples/picker_android_spinner_text2.js
[DEBUG] from resource zip => assets/Resources/examples/picker_android_spinner_time.js
[DEBUG] from resource zip => assets/Resources/examples/picker_android_spinner_time2.js
[DEBUG] from resource zip => assets/Resources/examples/picker_basic.js
[DEBUG] from resource zip => assets/Resources/examples/picker_basic2.js
[DEBUG] from resource zip => assets/Resources/examples/picker_custom1.js
[DEBUG] from resource zip => assets/Resources/examples/picker_custom2.js
[DEBUG] from resource zip => assets/Resources/examples/picker_date1.js
[DEBUG] from resource zip => assets/Resources/examples/picker_date2.js
[DEBUG] from resource zip => assets/Resources/examples/picker_date3.js
[DEBUG] from resource zip => assets/Resources/examples/picker_date4.js
[DEBUG] from resource zip => assets/Resources/examples/picker_multicolumn1.js
[DEBUG] from resource zip => assets/Resources/examples/picker_multicolumn2.js
[DEBUG] from resource zip => assets/Resources/examples/picker_noselection.js
[DEBUG] from resource zip => assets/Resources/examples/picker_singlecolumn1.js
[DEBUG] from resource zip => assets/Resources/examples/picker_singlecolumn2.js
[DEBUG] from resource zip => assets/Resources/examples/picker_singlecolumn3.js
[DEBUG] from resource zip => assets/Resources/examples/platform.js
[DEBUG] from resource zip => assets/Resources/examples/preferences.js
[DEBUG] from resource zip => assets/Resources/examples/progress_bar.js
[DEBUG] from resource zip => assets/Resources/examples/properties.js
[DEBUG] from resource zip => assets/Resources/examples/push_notification.js
[DEBUG] from resource zip => assets/Resources/examples/record_video.js
[DEBUG] from resource zip => assets/Resources/examples/remove_views.js
[DEBUG] from resource zip => assets/Resources/examples/route.csv
[DEBUG] from resource zip => assets/Resources/examples/rss.js
[DEBUG] from resource zip => assets/Resources/examples/screenshot.js
[DEBUG] from resource zip => assets/Resources/examples/scroll_views.js
[DEBUG] from resource zip => assets/Resources/examples/scroll_views_basic.js
[DEBUG] from resource zip => assets/Resources/examples/scroll_views_dragging.js
[DEBUG] from resource zip => assets/Resources/examples/scroll_views_many.js
[DEBUG] from resource zip => assets/Resources/examples/scroll_views_scaling.js
[DEBUG] from resource zip => assets/Resources/examples/scroll_views_scrollable.js
[DEBUG] from resource zip => assets/Resources/examples/scroll_views_tabs.js
[DEBUG] from resource zip => assets/Resources/examples/scroll_views_textareas.js
[DEBUG] from resource zip => assets/Resources/examples/scroll_views_without_clipping.js
[DEBUG] from resource zip => assets/Resources/examples/search_case_insensitive.js
[DEBUG] from resource zip => assets/Resources/examples/searchbar.js
[DEBUG] from resource zip => assets/Resources/examples/set_interval.js
[DEBUG] from resource zip => assets/Resources/examples/set_timeout.js
[DEBUG] from resource zip => assets/Resources/examples/shake.js
[DEBUG] from resource zip => assets/Resources/examples/slider.js
[DEBUG] from resource zip => assets/Resources/examples/slider_basic.js
[DEBUG] from resource zip => assets/Resources/examples/slider_min_max.js
[DEBUG] from resource zip => assets/Resources/examples/slider_range.js
[DEBUG] from resource zip => assets/Resources/examples/soap.js
[DEBUG] from resource zip => assets/Resources/examples/soap_client_library.js
[DEBUG] from resource zip => assets/Resources/examples/socket_connect.js
[DEBUG] from resource zip => assets/Resources/examples/socket_listener.js
[DEBUG] from resource zip => assets/Resources/examples/socket_server_client.js
[DEBUG] from resource zip => assets/Resources/examples/sockets.js
[DEBUG] from resource zip => assets/Resources/examples/sound.js
[DEBUG] from resource zip => assets/Resources/examples/sound_bg.js
[DEBUG] from resource zip => assets/Resources/examples/sound_file.js
[DEBUG] from resource zip => assets/Resources/examples/sound_file_url.js
[DEBUG] from resource zip => assets/Resources/examples/sound_local.js
[DEBUG] from resource zip => assets/Resources/examples/sound_record.js
[DEBUG] from resource zip => assets/Resources/examples/sound_remote.js
[DEBUG] from resource zip => assets/Resources/examples/sound_remote_url.js
[DEBUG] from resource zip => assets/Resources/examples/sound_session_mode.js
[DEBUG] from resource zip => assets/Resources/examples/statusbar.js
[DEBUG] from resource zip => assets/Resources/examples/strip_tags.js
[DEBUG] from resource zip => assets/Resources/examples/suds.js
[DEBUG] from resource zip => assets/Resources/examples/switch.js
[DEBUG] from resource zip => assets/Resources/examples/system_buttons.js
[DEBUG] from resource zip => assets/Resources/examples/tab_groups.js
[DEBUG] from resource zip => assets/Resources/examples/tabbedbar.js
[DEBUG] from resource zip => assets/Resources/examples/table_view_api_auto_height.js
[DEBUG] from resource zip => assets/Resources/examples/table_view_api_basic.js
[DEBUG] from resource zip => assets/Resources/examples/table_view_api_controls.js
[DEBUG] from resource zip => assets/Resources/examples/table_view_api_custom_footer.js
[DEBUG] from resource zip => assets/Resources/examples/table_view_api_custom_header.js
[DEBUG] from resource zip => assets/Resources/examples/table_view_api_custom_rowheader.js
[DEBUG] from resource zip => assets/Resources/examples/table_view_api_empty_append.js
[DEBUG] from resource zip => assets/Resources/examples/table_view_api_emptydata.js
[DEBUG] from resource zip => assets/Resources/examples/table_view_api_grouped.js
[DEBUG] from resource zip => assets/Resources/examples/table_view_api_remote_images.js
[DEBUG] from resource zip => assets/Resources/examples/table_view_api_search.js
[DEBUG] from resource zip => assets/Resources/examples/table_view_api_sections.js
[DEBUG] from resource zip => assets/Resources/examples/table_view_basic.js
[DEBUG] from resource zip => assets/Resources/examples/table_view_cell_selection.js
[DEBUG] from resource zip => assets/Resources/examples/table_view_composite.js
[DEBUG] from resource zip => assets/Resources/examples/table_view_controls_2.js
[DEBUG] from resource zip => assets/Resources/examples/table_view_custom_rowdata.js
[DEBUG] from resource zip => assets/Resources/examples/table_view_delete.js
[DEBUG] from resource zip => assets/Resources/examples/table_view_delete_2.js
[DEBUG] from resource zip => assets/Resources/examples/table_view_delete_3.js
[DEBUG] from resource zip => assets/Resources/examples/table_view_dynamic_scroll.js
[DEBUG] from resource zip => assets/Resources/examples/table_view_edit_and_move.js
[DEBUG] from resource zip => assets/Resources/examples/table_view_empty.js
[DEBUG] from resource zip => assets/Resources/examples/table_view_events.js
[DEBUG] from resource zip => assets/Resources/examples/table_view_footers.js
[DEBUG] from resource zip => assets/Resources/examples/table_view_grouped_bg_image.js
[DEBUG] from resource zip => assets/Resources/examples/table_view_headers.js
[DEBUG] from resource zip => assets/Resources/examples/table_view_headers_filter.js
[DEBUG] from resource zip => assets/Resources/examples/table_view_layout.js
[DEBUG] from resource zip => assets/Resources/examples/table_view_layout_2.js
[DEBUG] from resource zip => assets/Resources/examples/table_view_layout_3.js
[DEBUG] from resource zip => assets/Resources/examples/table_view_layout_4.js
[DEBUG] from resource zip => assets/Resources/examples/table_view_layout_5.js
[DEBUG] from resource zip => assets/Resources/examples/table_view_move.js
[DEBUG] from resource zip => assets/Resources/examples/table_view_noscroll.js
[DEBUG] from resource zip => assets/Resources/examples/table_view_options.js
[DEBUG] from resource zip => assets/Resources/examples/table_view_perf.js
[DEBUG] from resource zip => assets/Resources/examples/table_view_pull_to_refresh.js
[DEBUG] from resource zip => assets/Resources/examples/table_view_refresh.js
[DEBUG] from resource zip => assets/Resources/examples/table_view_remote_images_2.js
[DEBUG] from resource zip => assets/Resources/examples/table_view_removeall.js
[DEBUG] from resource zip => assets/Resources/examples/table_view_row_append.js
[DEBUG] from resource zip => assets/Resources/examples/table_view_row_delete.js
[DEBUG] from resource zip => assets/Resources/examples/table_view_row_insert.js
[DEBUG] from resource zip => assets/Resources/examples/table_view_row_update.js
[DEBUG] from resource zip => assets/Resources/examples/table_view_scroll_indicators.js
[DEBUG] from resource zip => assets/Resources/examples/table_view_section_header.js
[DEBUG] from resource zip => assets/Resources/examples/table_view_selectable.js
[DEBUG] from resource zip => assets/Resources/examples/table_view_set.js
[DEBUG] from resource zip => assets/Resources/examples/table_view_textfield.js
[DEBUG] from resource zip => assets/Resources/examples/table_view_touch.js
[DEBUG] from resource zip => assets/Resources/examples/table_view_update_row_objects.js
[DEBUG] from resource zip => assets/Resources/examples/table_views.js
[DEBUG] from resource zip => assets/Resources/examples/tabs.js
[DEBUG] from resource zip => assets/Resources/examples/textarea.js
[DEBUG] from resource zip => assets/Resources/examples/textarea_autodetect.js
[DEBUG] from resource zip => assets/Resources/examples/textarea_basic.js
[DEBUG] from resource zip => assets/Resources/examples/textfield.js
[DEBUG] from resource zip => assets/Resources/examples/textfield_borders.js
[DEBUG] from resource zip => assets/Resources/examples/textfield_buttons.js
[DEBUG] from resource zip => assets/Resources/examples/textfield_events.js
[DEBUG] from resource zip => assets/Resources/examples/textfield_keyboards.js
[DEBUG] from resource zip => assets/Resources/examples/textfield_scrollview.js
[DEBUG] from resource zip => assets/Resources/examples/textfield_softinputfocus.js
[DEBUG] from resource zip => assets/Resources/examples/textfield_therest.js
[DEBUG] from resource zip => assets/Resources/examples/textfield_toolbar.js
[DEBUG] from resource zip => assets/Resources/examples/toolbar.js
[DEBUG] from resource zip => assets/Resources/examples/transitions.js
[DEBUG] from resource zip => assets/Resources/examples/twitter.js
[DEBUG] from resource zip => assets/Resources/examples/utils.js
[DEBUG] from resource zip => assets/Resources/examples/version.js
[DEBUG] from resource zip => assets/Resources/examples/vertical_layout.js
[DEBUG] from resource zip => assets/Resources/examples/vertical_layout_basic.js
[DEBUG] from resource zip => assets/Resources/examples/vertical_layout_table_view.js
[DEBUG] from resource zip => assets/Resources/examples/vibrate.js
[DEBUG] from resource zip => assets/Resources/examples/video_edit.js
[DEBUG] from resource zip => assets/Resources/examples/view_animation.js
[DEBUG] from resource zip => assets/Resources/examples/view_event_interaction.js
[DEBUG] from resource zip => assets/Resources/examples/view_event_propagation.js
[DEBUG] from resource zip => assets/Resources/examples/view_events.js
[DEBUG] from resource zip => assets/Resources/examples/view_events_2.js
[DEBUG] from resource zip => assets/Resources/examples/view_gestures.js
[DEBUG] from resource zip => assets/Resources/examples/view_hide_show.js
[DEBUG] from resource zip => assets/Resources/examples/view_point_conversion.js
[DEBUG] from resource zip => assets/Resources/examples/view_with_size.js
[DEBUG] from resource zip => assets/Resources/examples/views.js
[DEBUG] from resource zip => assets/Resources/examples/views_auto_height.js
[DEBUG] from resource zip => assets/Resources/examples/views_min_height.js
[DEBUG] from resource zip => assets/Resources/examples/views_zindex.js
[DEBUG] from resource zip => assets/Resources/examples/web_views.js
[DEBUG] from resource zip => assets/Resources/examples/webview_logging.html
[DEBUG] from resource zip => assets/Resources/examples/webview_repaint.js
[DEBUG] from resource zip => assets/Resources/examples/webview_repaint_source.html
[DEBUG] from resource zip => assets/Resources/examples/window_animation.js
[DEBUG] from resource zip => assets/Resources/examples/window_constructor.js
[DEBUG] from resource zip => assets/Resources/examples/window_events.js
[DEBUG] from resource zip => assets/Resources/examples/window_layout.js
[DEBUG] from resource zip => assets/Resources/examples/window_navbar.js
[DEBUG] from resource zip => assets/Resources/examples/window_properties.js
[DEBUG] from resource zip => assets/Resources/examples/window_standalone.js
[DEBUG] from resource zip => assets/Resources/examples/window_toolbar.js
[DEBUG] from resource zip => assets/Resources/examples/xhr.js
[DEBUG] from resource zip => assets/Resources/examples/xhr_binarydata.js
[DEBUG] from resource zip => assets/Resources/examples/xhr_cookie.js
[DEBUG] from resource zip => assets/Resources/examples/xhr_error.js
[DEBUG] from resource zip => assets/Resources/examples/xhr_filedownload.js
[DEBUG] from resource zip => assets/Resources/examples/xhr_fileupload.js
[DEBUG] from resource zip => assets/Resources/examples/xhr_properties.js
[DEBUG] from resource zip => assets/Resources/examples/xhr_settimeout.js
[DEBUG] from resource zip => assets/Resources/examples/xhr_utf8.js
[DEBUG] from resource zip => assets/Resources/examples/xhr_xml.js
[DEBUG] from resource zip => assets/Resources/examples/xml_dom.js
[DEBUG] from resource zip => assets/Resources/examples/xml_rss.js
[DEBUG] from resource zip => assets/Resources/examples/youtube.html
[DEBUG] from resource zip => assets/Resources/examples/yql.js
[DEBUG] from resource zip => assets/Resources/examples/yql_flickr.js
[DEBUG] from resource zip => assets/Resources/examples/yql_local_search.js
[DEBUG] from resource zip => assets/Resources/images/custom_tableview/blue_drink.png
[DEBUG] from resource zip => assets/Resources/images/custom_tableview/blue_edit.png
[DEBUG] from resource zip => assets/Resources/images/custom_tableview/blue_email.png
[DEBUG] from resource zip => assets/Resources/images/custom_tableview/commentButton.png
[DEBUG] from resource zip => assets/Resources/images/custom_tableview/eventsButton.png
[DEBUG] from resource zip => assets/Resources/images/custom_tableview/notificationBadge.png
[DEBUG] from resource zip => assets/Resources/images/custom_tableview/notificationUnreadBadge.png
[DEBUG] from resource zip => assets/Resources/images/custom_tableview/user.png
[DEBUG] from resource zip => assets/Resources/images/dashboard/account_off.png
[DEBUG] from resource zip => assets/Resources/images/dashboard/account_on.png
[DEBUG] from resource zip => assets/Resources/images/dashboard/calls_off.png
[DEBUG] from resource zip => assets/Resources/images/dashboard/calls_on.png
[DEBUG] from resource zip => assets/Resources/images/dashboard/cases_off.png
[DEBUG] from resource zip => assets/Resources/images/dashboard/cases_on.png
[DEBUG] from resource zip => assets/Resources/images/dashboard/contacts_off.png
[DEBUG] from resource zip => assets/Resources/images/dashboard/contacts_on.png
[DEBUG] from resource zip => assets/Resources/images/dashboard/emps_off.png
[DEBUG] from resource zip => assets/Resources/images/dashboard/emps_on.png
[DEBUG] from resource zip => assets/Resources/images/dashboard/leads_off.png
[DEBUG] from resource zip => assets/Resources/images/dashboard/leads_on.png
[DEBUG] from resource zip => assets/Resources/images/dashboard/meetings_off.png
[DEBUG] from resource zip => assets/Resources/images/dashboard/meetings_on.png
[DEBUG] from resource zip => assets/Resources/images/dashboard/opps_off.png
[DEBUG] from resource zip => assets/Resources/images/dashboard/opps_on.png
[DEBUG] from resource zip => assets/Resources/images/dashboard/tasks_off.png
[DEBUG] from resource zip => assets/Resources/images/dashboard/tasks_on.png
[DEBUG] from resource zip => assets/Resources/images/groupedview/addDefault.png
[DEBUG] from resource zip => assets/Resources/images/groupedview/minusDefault.png
[DEBUG] from resource zip => assets/Resources/images/imageview/0.jpg
[DEBUG] from resource zip => assets/Resources/images/imageview/1.jpg
[DEBUG] from resource zip => assets/Resources/images/imageview/10.jpg
[DEBUG] from resource zip => assets/Resources/images/imageview/11.jpg
[DEBUG] from resource zip => assets/Resources/images/imageview/12.jpg
[DEBUG] from resource zip => assets/Resources/images/imageview/13.jpg
[DEBUG] from resource zip => assets/Resources/images/imageview/14.jpg
[DEBUG] from resource zip => assets/Resources/images/imageview/15.jpg
[DEBUG] from resource zip => assets/Resources/images/imageview/16.jpg
[DEBUG] from resource zip => assets/Resources/images/imageview/17.jpg
[DEBUG] from resource zip => assets/Resources/images/imageview/18.jpg
[DEBUG] from resource zip => assets/Resources/images/imageview/19.jpg
[DEBUG] from resource zip => assets/Resources/images/imageview/2.jpg
[DEBUG] from resource zip => assets/Resources/images/imageview/20.jpg
[DEBUG] from resource zip => assets/Resources/images/imageview/21.jpg
[DEBUG] from resource zip => assets/Resources/images/imageview/22.jpg
[DEBUG] from resource zip => assets/Resources/images/imageview/23.jpg
[DEBUG] from resource zip => assets/Resources/images/imageview/24.jpg
[DEBUG] from resource zip => assets/Resources/images/imageview/25.jpg
[DEBUG] from resource zip => assets/Resources/images/imageview/26.jpg
[DEBUG] from resource zip => assets/Resources/images/imageview/27.jpg
[DEBUG] from resource zip => assets/Resources/images/imageview/28.jpg
[DEBUG] from resource zip => assets/Resources/images/imageview/29.jpg
[DEBUG] from resource zip => assets/Resources/images/imageview/3.jpg
[DEBUG] from resource zip => assets/Resources/images/imageview/4.jpg
[DEBUG] from resource zip => assets/Resources/images/imageview/5.jpg
[DEBUG] from resource zip => assets/Resources/images/imageview/6.jpg
[DEBUG] from resource zip => assets/Resources/images/imageview/7.jpg
[DEBUG] from resource zip => assets/Resources/images/imageview/8.jpg
[DEBUG] from resource zip => assets/Resources/images/imageview/9.jpg
[DEBUG] from resource zip => assets/Resources/images/scrollable_view/bg.png
[DEBUG] from resource zip => assets/Resources/images/scrollable_view/compose.png
[DEBUG] from resource zip => assets/Resources/images/scrollable_view/table_view_row.png
[DEBUG] from resource zip => assets/Resources/images/tableview/easycustom/bottomRow.png
[DEBUG] from resource zip => assets/Resources/images/tableview/easycustom/bottomRowSelected.png
[DEBUG] from resource zip => assets/Resources/images/tableview/easycustom/gradientBackground.png
[DEBUG] from resource zip => assets/Resources/images/tableview/easycustom/imageA.png
[DEBUG] from resource zip => assets/Resources/images/tableview/easycustom/imageB.png
[DEBUG] from resource zip => assets/Resources/images/tableview/easycustom/imageC.png
[DEBUG] from resource zip => assets/Resources/images/tableview/easycustom/indicator.png
[DEBUG] from resource zip => assets/Resources/images/tableview/easycustom/middleRow.png
[DEBUG] from resource zip => assets/Resources/images/tableview/easycustom/middleRowSelected.png
[DEBUG] from resource zip => assets/Resources/images/tableview/easycustom/topAndBottomRow.png
[DEBUG] from resource zip => assets/Resources/images/tableview/easycustom/topAndBottomRowSelected.png
[DEBUG] from resource zip => assets/Resources/images/tableview/easycustom/topRow.png
[DEBUG] from resource zip => assets/Resources/images/tableview/easycustom/topRowSelected.png
[DEBUG] from resource zip => assets/Resources/images/tableview/brown_bg_482.png
[DEBUG] from resource zip => assets/Resources/images/tableview/off_1.png
[DEBUG] from resource zip => assets/Resources/images/tableview/off_2.png
[DEBUG] from resource zip => assets/Resources/images/tableview/off_3.png
[DEBUG] from resource zip => assets/Resources/images/tableview/off_4.png
[DEBUG] from resource zip => assets/Resources/images/tableview/on_1.png
[DEBUG] from resource zip => assets/Resources/images/tableview/on_2.png
[DEBUG] from resource zip => assets/Resources/images/tableview/on_3.png
[DEBUG] from resource zip => assets/Resources/images/tableview/on_4.png
[DEBUG] from resource zip => assets/Resources/images/tableview/phone_accelerometer.png
[DEBUG] from resource zip => assets/Resources/images/tableview/phone_camera.png
[DEBUG] from resource zip => assets/Resources/images/tableview/phone_contact.png
[DEBUG] from resource zip => assets/Resources/images/tableview/phone_email.png
[DEBUG] from resource zip => assets/Resources/images/tableview/phone_geoloc.png
[DEBUG] from resource zip => assets/Resources/images/tableview/phone_orientation.png
[DEBUG] from resource zip => assets/Resources/images/tableview/phone_photogallery.png
[DEBUG] from resource zip => assets/Resources/images/tableview/phone_playmovie.png
[DEBUG] from resource zip => assets/Resources/images/tableview/phone_savetogallery.png
[DEBUG] from resource zip => assets/Resources/images/tableview/phone_shake.png
[DEBUG] from resource zip => assets/Resources/images/tableview/phone_sound.png
[DEBUG] from resource zip => assets/Resources/images/tableview/phone_vibrate.png
[DEBUG] from resource zip => assets/Resources/images/tabs/KS_bg.png
[DEBUG] from resource zip => assets/Resources/images/tabs/KS_nav_mashup.png
[DEBUG] from resource zip => assets/Resources/images/tabs/KS_nav_phone.png
[DEBUG] from resource zip => assets/Resources/images/tabs/KS_nav_platform.png
[DEBUG] from resource zip => assets/Resources/images/tabs/KS_nav_ui.png
[DEBUG] from resource zip => assets/Resources/images/tabs/KS_nav_views.png
[DEBUG] from resource zip => assets/Resources/images/BUTT_drk_off.png
[DEBUG] from resource zip => assets/Resources/images/BUTT_drk_on.png
[DEBUG] from resource zip => assets/Resources/images/BUTT_grn_off.png
[DEBUG] from resource zip => assets/Resources/images/BUTT_grn_on.png
[DEBUG] from resource zip => assets/Resources/images/BUTT_gry_off.png
[DEBUG] from resource zip => assets/Resources/images/BUTT_gry_on.png
[DEBUG] from resource zip => assets/Resources/images/BUTT_red_off.png
[DEBUG] from resource zip => assets/Resources/images/BUTT_red_on.png
[DEBUG] from resource zip => assets/Resources/images/BUTT_yel_off.png
[DEBUG] from resource zip => assets/Resources/images/BUTT_yel_on.png
[DEBUG] from resource zip => assets/Resources/images/Kicking00.png
[DEBUG] from resource zip => assets/Resources/images/Kicking14.png
[DEBUG] from resource zip => assets/Resources/images/Kicking20.png
[DEBUG] from resource zip => assets/Resources/images/appcelerator_small.png
[DEBUG] from resource zip => assets/Resources/images/apple_logo.jpg
[DEBUG] from resource zip => assets/Resources/images/atlanta.jpg
[DEBUG] from resource zip => assets/Resources/images/bg.png
[DEBUG] from resource zip => assets/Resources/images/body-mask.png
[DEBUG] from resource zip => assets/Resources/images/body.png
[DEBUG] from resource zip => assets/Resources/images/boston_college.png
[DEBUG] from resource zip => assets/Resources/images/camera.png
[DEBUG] from resource zip => assets/Resources/images/campFire01.gif
[DEBUG] from resource zip => assets/Resources/images/campFire02.gif
[DEBUG] from resource zip => assets/Resources/images/campFire03.gif
[DEBUG] from resource zip => assets/Resources/images/campFire04.gif
[DEBUG] from resource zip => assets/Resources/images/campFire05.gif
[DEBUG] from resource zip => assets/Resources/images/campFire06.gif
[DEBUG] from resource zip => assets/Resources/images/campFire07.gif
[DEBUG] from resource zip => assets/Resources/images/campFire08.gif
[DEBUG] from resource zip => assets/Resources/images/campFire09.gif
[DEBUG] from resource zip => assets/Resources/images/campFire10.gif
[DEBUG] from resource zip => assets/Resources/images/campFire11.gif
[DEBUG] from resource zip => assets/Resources/images/campFire12.gif
[DEBUG] from resource zip => assets/Resources/images/campFire13.gif
[DEBUG] from resource zip => assets/Resources/images/campFire14.gif
[DEBUG] from resource zip => assets/Resources/images/campFire15.gif
[DEBUG] from resource zip => assets/Resources/images/campFire16.gif
[DEBUG] from resource zip => assets/Resources/images/campFire17.gif
[DEBUG] from resource zip => assets/Resources/images/chat.png
[DEBUG] from resource zip => assets/Resources/images/chip.jpg
[DEBUG] from resource zip => assets/Resources/images/cloud.png
[DEBUG] from resource zip => assets/Resources/images/corkboard.jpg
[DEBUG] from resource zip => assets/Resources/images/custom-slider-handle.png
[DEBUG] from resource zip => assets/Resources/images/custom-slider-left.9.png
[DEBUG] from resource zip => assets/Resources/images/custom-slider-right.9.png
[DEBUG] from resource zip => assets/Resources/images/darkstripes_bg.jpg
[DEBUG] from resource zip => assets/Resources/images/dog@2x~iphone.jpg
[DEBUG] from resource zip => assets/Resources/images/fence@2x.jpg
[DEBUG] from resource zip => assets/Resources/images/flower.jpg
[DEBUG] from resource zip => assets/Resources/images/icon_arrow_left.png
[DEBUG] from resource zip => assets/Resources/images/icon_arrow_right.png
[DEBUG] from resource zip => assets/Resources/images/inputfield.png
[DEBUG] from resource zip => assets/Resources/images/insignia.svg
[DEBUG] from resource zip => assets/Resources/images/light-poweredby-foursquare.png
[DEBUG] from resource zip => assets/Resources/images/map-pin.png
[DEBUG] from resource zip => assets/Resources/images/menubox.png
[DEBUG] from resource zip => assets/Resources/images/send.png
[DEBUG] from resource zip => assets/Resources/images/send_selected.png
[DEBUG] from resource zip => assets/Resources/images/slider_lightbar.png
[DEBUG] from resource zip => assets/Resources/images/slider_orangebar.png
[DEBUG] from resource zip => assets/Resources/images/slider_thumb.png
[DEBUG] from resource zip => assets/Resources/images/slightlylargerimage.png
[DEBUG] from resource zip => assets/Resources/images/smallpic1.jpg
[DEBUG] from resource zip => assets/Resources/images/smallpic2.jpg
[DEBUG] from resource zip => assets/Resources/images/smallpic3.jpg
[DEBUG] from resource zip => assets/Resources/images/twitter_logo_header.png
[DEBUG] from resource zip => assets/Resources/images/whiteArrow.png
[DEBUG] from resource zip => assets/Resources/main_windows/base_ui.js
[DEBUG] from resource zip => assets/Resources/main_windows/controls.js
[DEBUG] from resource zip => assets/Resources/main_windows/mashups.js
[DEBUG] from resource zip => assets/Resources/main_windows/phone.js
[DEBUG] from resource zip => assets/Resources/main_windows/platform.js
[DEBUG] from resource zip => assets/Resources/Default.png
[DEBUG] from resource zip => assets/Resources/app.js
[DEBUG] from resource zip => assets/Resources/app.jss
[DEBUG] from resource zip => assets/Resources/appicon.png
[DEBUG] from resource zip => assets/Resources/bg.js
[DEBUG] from resource zip => assets/Resources/comic_zine_ot.otf
[DEBUG] from resource zip => assets/Resources/common.jss
[DEBUG] from resource zip => assets/Resources/cricket.wav
[DEBUG] from resource zip => assets/Resources/default_app_logo.png
[DEBUG] from resource zip => assets/Resources/echo.js
[DEBUG] from resource zip => assets/Resources/jquery-1.3.2.js
[DEBUG] from resource zip => assets/Resources/label_basic.jss
[DEBUG] from resource zip => assets/Resources/movie.mp4
[DEBUG] from resource zip => assets/Resources/my_js_include.js
[DEBUG] from resource zip => assets/Resources/my_js_include_2.js
[DEBUG] from resource zip => assets/Resources/paradise_lost.txt
[DEBUG] from resource zip => assets/Resources/params.js
[DEBUG] from resource zip => assets/Resources/pop.caf
[DEBUG] from resource zip => assets/Resources/test.css
[DEBUG] from resource zip => assets/Resources/testdb.db
[DEBUG] from resource zip => assets/Resources/testservice.js
[DEBUG] from resource zip => assets/Resources/text.txt
[DEBUG] from resource zip => assets/Resources/text_two.txt
[DEBUG] from resource zip => assets/Resources/todo.js
[DEBUG] from resource zip => assets/Resources/welcome.js
[DEBUG] from resource zip => assets/app.json
[DEBUG] from resource zip => assets/index.json
[DEBUG] from resource zip => assets/tiapp.xml
[DEBUG] from resource zip => res/drawable/appicon.png
[DEBUG] from resource zip => res/drawable/background.png
[DEBUG] from resource zip => res/drawable/close.png
[DEBUG] from resource zip => res/drawable/facebook_login.png
[DEBUG] from resource zip => res/drawable/facebook_login_down.png
[DEBUG] from resource zip => res/drawable/facebook_login_wide.png
[DEBUG] from resource zip => res/drawable/facebook_login_wide_down.png
[DEBUG] from resource zip => res/drawable/facebook_logout.png
[DEBUG] from resource zip => res/drawable/facebook_logout_down.png
[DEBUG] from resource zip => res/layout/titanium_tabgroup.xml
[DEBUG] from resource zip => res/xml/preferences.xml
[DEBUG] from resource zip => AndroidManifest.xml
[DEBUG] from resource zip => resources.arsc
[DEBUG] from resource zip => res/drawable-hdpi/close.png
[DEBUG] from resource zip => res/drawable-ldpi/close.png
[DEBUG] from resource zip => res/drawable-mdpi/appc_small_5dcee80c58.png
[DEBUG] from resource zip => res/drawable-mdpi/cloud2_a62a083799.png
[DEBUG] from resource zip => res/drawable-land-mdpi/background.png
[DEBUG] from resource zip => res/drawable-long-mdpi/cloud3_4d0e39c95b.png
[DEBUG] from resource zip => res/drawable-notlong-mdpi/cloud3_4d0e39c95b.png
[DEBUG] from JAR /Library/Application Support/Titanium/mobilesdk/osx/1.9.0.v20111228180134/android/titanium.jar => org/appcelerator/titanium/build.properties
[DEBUG] from JAR /Library/Application Support/Titanium/mobilesdk/osx/1.9.0.v20111228180134/android/titanium.jar => org/appcelerator/titanium/res/drawable/background.png
[DEBUG] from JAR /Library/Application Support/Titanium/mobilesdk/osx/1.9.0.v20111228180134/android/titanium.jar => org/appcelerator/titanium/res/drawable/btn_check_buttonless_on.png
[DEBUG] from JAR /Library/Application Support/Titanium/mobilesdk/osx/1.9.0.v20111228180134/android/titanium.jar => org/appcelerator/titanium/res/drawable/btn_check_buttonless_on_18.png
[DEBUG] from JAR /Library/Application Support/Titanium/mobilesdk/osx/1.9.0.v20111228180134/android/titanium.jar => org/appcelerator/titanium/res/drawable/btn_check_buttonless_on_48.png
[DEBUG] from JAR /Library/Application Support/Titanium/mobilesdk/osx/1.9.0.v20111228180134/android/titanium.jar => org/appcelerator/titanium/res/drawable/btn_more.png
[DEBUG] from JAR /Library/Application Support/Titanium/mobilesdk/osx/1.9.0.v20111228180134/android/titanium.jar => org/appcelerator/titanium/res/drawable/btn_more_18.png
[DEBUG] from JAR /Library/Application Support/Titanium/mobilesdk/osx/1.9.0.v20111228180134/android/titanium.jar => org/appcelerator/titanium/res/drawable/btn_more_48.png
[DEBUG] from JAR /Library/Application Support/Titanium/mobilesdk/osx/1.9.0.v20111228180134/android/titanium.jar => org/appcelerator/titanium/res/drawable/btn_picker_normal.9.png
[DEBUG] from JAR /Library/Application Support/Titanium/mobilesdk/osx/1.9.0.v20111228180134/android/titanium.jar => org/appcelerator/titanium/res/drawable/btn_picker_pressed.9.png
[DEBUG] from JAR /Library/Application Support/Titanium/mobilesdk/osx/1.9.0.v20111228180134/android/titanium.jar => org/appcelerator/titanium/res/drawable/btn_picker_selected.9.png
[DEBUG] from JAR /Library/Application Support/Titanium/mobilesdk/osx/1.9.0.v20111228180134/android/titanium.jar => org/appcelerator/titanium/res/drawable/default_icon.png
[DEBUG] from JAR /Library/Application Support/Titanium/mobilesdk/osx/1.9.0.v20111228180134/android/titanium.jar => org/appcelerator/titanium/res/drawable/photoDefault.png
[DEBUG] from JAR /Library/Application Support/Titanium/mobilesdk/osx/1.9.0.v20111228180134/android/modules/titanium-ui.jar => ti/modules/titanium/ui/widget/webview/binding.js
[DEBUG] from JAR /Library/Application Support/Titanium/mobilesdk/osx/1.9.0.v20111228180134/android/modules/titanium-ui.jar => ti/modules/titanium/ui/widget/webview/binding.min.js
[DEBUG] from JAR /Library/Application Support/Titanium/mobilesdk/osx/1.9.0.v20111228180134/android/modules/titanium-ui.jar => ti/modules/titanium/ui/widget/webview/json2.js
[DEBUG] from JAR /Library/Application Support/Titanium/mobilesdk/osx/1.9.0.v20111228180134/android/modules/titanium-facebook.jar => ti/modules/titanium/facebook/LICENSE
[DEBUG] Waiting for device to be ready ...
[TRACE] adb devices returned 1 devices/emulators
[DEBUG] Device connected... (waited 0 seconds)
[DEBUG] waited 0.028391 seconds on emulator to get ready
[INFO] Installing application on emulator
[INFO] Application installed. Launch from drawer on Home Screen
